c:\users\administrator\desktop\vspro\mainwindows\mainwindows\x64\debug\iconhelper.obj
c:\users\administrator\desktop\vspro\mainwindows\mainwindows\x64\debug\moc_iconhelper.obj
c:\users\administrator\desktop\vspro\mainwindows\mainwindows\x64\debug\mainwindows.obj
c:\users\administrator\desktop\vspro\mainwindows\mainwindows\x64\debug\moc_productinspectionwidget.obj
c:\users\administrator\desktop\vspro\mainwindows\mainwindows\x64\debug\appinit.obj
c:\users\administrator\desktop\vspro\mainwindows\mainwindows\x64\debug\productinspectionwidget.obj
c:\users\administrator\desktop\vspro\mainwindows\mainwindows\x64\debug\qrc_mainwindows.obj
c:\users\administrator\desktop\vspro\mainwindows\mainwindows\x64\debug\moc_mainwindows.obj
c:\users\administrator\desktop\vspro\mainwindows\mainwindows\x64\debug\main.obj
c:\users\administrator\desktop\vspro\mainwindows\mainwindows\x64\debug\moc_appinit.obj
c:\users\administrator\desktop\vspro\mainwindows\mainwindows\x64\debug\vc140.pdb
c:\users\administrator\desktop\vspro\mainwindows\mainwindows\generatedfiles\ui_mainwindows.h
c:\users\administrator\desktop\vspro\mainwindows\mainwindows\generatedfiles\qrc_mainwindows.cpp
c:\users\administrator\desktop\vspro\mainwindows\mainwindows\generatedfiles\debug\moc_mainwindows.cpp
c:\users\administrator\desktop\vspro\mainwindows\mainwindows\generatedfiles\debug\moc_iconhelper.cpp
c:\users\administrator\desktop\vspro\mainwindows\mainwindows\generatedfiles\debug\moc_appinit.cpp
c:\users\administrator\desktop\vspro\mainwindows\mainwindows\generatedfiles\debug\moc_productinspectionwidget.cpp
c:\users\administrator\desktop\vspro\mainwindows\mainwindows\.\generatedfiles\debug\moc_mainwindows.cpp
c:\users\administrator\desktop\vspro\mainwindows\mainwindows\.\generatedfiles\debug\moc_iconhelper.cpp
c:\users\administrator\desktop\vspro\mainwindows\mainwindows\.\generatedfiles\debug\moc_appinit.cpp
c:\users\administrator\desktop\vspro\mainwindows\mainwindows\.\generatedfiles\debug\moc_productinspectionwidget.cpp
c:\users\administrator\desktop\vspro\mainwindows\mainwindows\.\generatedfiles\qrc_mainwindows.cpp
c:\users\administrator\desktop\vspro\mainwindows\mainwindows\.\generatedfiles\ui_mainwindows.h
c:\users\administrator\desktop\vspro\mainwindows\x64\debug\mainwindows.pdb
c:\users\administrator\desktop\vspro\mainwindows\x64\debug\mainwindows.exe
c:\users\administrator\desktop\vspro\mainwindows\x64\debug\mainwindows.ilk
c:\users\administrator\desktop\vspro\mainwindows\mainwindows\x64\debug\mainwindows.tlog\cl.command.1.tlog
c:\users\administrator\desktop\vspro\mainwindows\mainwindows\x64\debug\mainwindows.tlog\cl.read.1.tlog
c:\users\administrator\desktop\vspro\mainwindows\mainwindows\x64\debug\mainwindows.tlog\cl.write.1.tlog
c:\users\administrator\desktop\vspro\mainwindows\mainwindows\x64\debug\mainwindows.tlog\link.command.1.tlog
c:\users\administrator\desktop\vspro\mainwindows\mainwindows\x64\debug\mainwindows.tlog\link.read.1.tlog
c:\users\administrator\desktop\vspro\mainwindows\mainwindows\x64\debug\mainwindows.tlog\link.write.1.tlog
c:\users\administrator\desktop\vspro\mainwindows\mainwindows\x64\debug\mainwindows.tlog\mainwindows.write.1u.tlog
c:\users\administrator\desktop\vspro\mainwindows\mainwindows\x64\debug\mainwindows.tlog\moc.read.1u.tlog
c:\users\administrator\desktop\vspro\mainwindows\mainwindows\x64\debug\mainwindows.tlog\moc.write.1u.tlog
c:\users\administrator\desktop\vspro\mainwindows\mainwindows\x64\debug\mainwindows.tlog\rcc.read.1u.tlog
c:\users\administrator\desktop\vspro\mainwindows\mainwindows\x64\debug\mainwindows.tlog\rcc.write.1u.tlog
c:\users\administrator\desktop\vspro\mainwindows\mainwindows\x64\debug\mainwindows.tlog\uic.read.1u.tlog
c:\users\administrator\desktop\vspro\mainwindows\mainwindows\x64\debug\mainwindows.tlog\uic.write.1u.tlog
