生成启动时间为 2019/6/30 星期日 11:09:49。
     1>项目“C:\Users\Administrator\Desktop\VsPro\MainWindows\MainWindows\MainWindows.vcxproj”在节点 2 上(Build 个目标)。
     1>QtRccSetDependencies:
         "E:\Qt\Qt5.10.0\5.10.0\msvc2015_64\bin\rcc.exe" --list "MainWindows.qrc" > "x64\Debug\rcc_list.txt" 2> nul
       ClCompile:
         E:\Program Files (x86)\Microsoft Visual Studio 14.0\VC\bin\x86_amd64\CL.exe /c /I.\GeneratedFiles /I. /IE:\Qt\Qt5.10.0\5.10.0\msvc2015_64\include /I.\GeneratedFiles\Debug /IE:\Qt\Qt5.10.0\5.10.0\msvc2015_64\include\QtCore /IE:\Qt\Qt5.10.0\5.10.0\msvc2015_64\include\QtGui /IE:\Qt\Qt5.10.0\5.10.0\msvc2015_64\include\QtANGLE /IE:\Qt\Qt5.10.0\5.10.0\msvc2015_64\include\QtWidgets /Zi /nologo /W1 /WX- /MP /Od /D UNICODE /D _UNICODE /D WIN32 /D WIN64 /D QT_DLL /D QT_CORE_LIB /D QT_GUI_LIB /D QT_WIDGETS_LIB /Gm- /EHsc /MDd /GS /fp:precise /Zc:wchar_t /Zc:forScope /Zc:inline /Fo"x64\Debug\\" /Fd"x64\Debug\vc140.pdb" /Gd /TP /errorReport:prompt ProductInspectionWidget.cpp
         ProductInspectionWidget.cpp
       Link:
         E:\Program Files (x86)\Microsoft Visual Studio 14.0\VC\bin\x86_amd64\link.exe /ERRORREPORT:PROMPT /OUT:"C:\Users\Administrator\Desktop\VsPro\MainWindows\x64\Debug\\MainWindows.exe" /NOLOGO /LIBPATH:E:\Qt\Qt5.10.0\5.10.0\msvc2015_64\lib qtmaind.lib Qt5Cored.lib Qt5Guid.lib Qt5Widgetsd.lib kernel32.lib user32.lib gdi32.lib winspool.lib comdlg32.lib advapi32.lib shell32.lib ole32.lib oleaut32.lib uuid.lib odbc32.lib odbccp32.lib /MANIFEST /MANIFESTUAC:"level='asInvoker' uiAccess='false'" /manifest:embed /Debug /PDB:"C:\Users\Administrator\Desktop\VsPro\MainWindows\x64\Debug\MainWindows.pdb" /SUBSYSTEM:WINDOWS /TLBID:1 /DYNAMICBASE /NXCOMPAT /IMPLIB:"C:\Users\Administrator\Desktop\VsPro\MainWindows\x64\Debug\MainWindows.lib" /MACHINE:X64 x64\Debug\appinit.obj
         x64\Debug\DragButton.obj
         x64\Debug\iconhelper.obj
         x64\Debug\main.obj
         x64\Debug\MainWindows.obj
         x64\Debug\ProductInspectionWidget.obj
         x64\Debug\qrc_MainWindows.obj
         x64\Debug\moc_MainWindows.obj
         x64\Debug\moc_iconhelper.obj
         x64\Debug\moc_appinit.obj
         x64\Debug\moc_ProductInspectionWidget.obj
         x64\Debug\moc_DragButton.obj
         MainWindows.vcxproj -> C:\Users\Administrator\Desktop\VsPro\MainWindows\x64\Debug\MainWindows.exe
     1>已完成生成项目“C:\Users\Administrator\Desktop\VsPro\MainWindows\MainWindows\MainWindows.vcxproj”(Build 个目标)的操作。

已成功生成。

已用时间 00:00:02.64
